Change Component Designator: Old Designator=* New Designator=*2
Change Component Designator: Old Designator=C1 New Designator=C9
Change Component Designator: Old Designator=C2 New Designator=C10
Change Component Designator: Old Designator=C3 New Designator=C11
Change Component Designator: Old Designator=C4 New Designator=C12
Change Component Designator: Old Designator=C5 New Designator=C16
Change Component Designator: Old Designator=C6 New Designator=C17
Change Component Designator: Old Designator=C7 New Designator=C15
Change Component Designator: Old Designator=C8 New Designator=C14
Change Component Designator: Old Designator=C9 New Designator=C13
Change Component Designator: Old Designator=D1 New Designator=D2
Change Component Designator: Old Designator=D1 New Designator=D3
Change Component Designator: Old Designator=Q1 New Designator=Q3
Change Component Designator: Old Designator=R1 New Designator=R15
Change Component Designator: Old Designator=R2 New Designator=R16
Change Component Designator: Old Designator=R3 New Designator=R18
Change Component Designator: Old Designator=R4 New Designator=R17
Change Component Designator: Old Designator=R5 New Designator=R19
Change Component Designator: Old Designator=S1 New Designator=S6
Change Component Designator: Old Designator=U1 New Designator=U3
Change Component Designator: Old Designator=XT1 New Designator=XT2
